E:\WORKSPACE\VHOME\CODE\VHOMESLN\VHOMEPRO\RELEASE\HTTPCLIENT.OBJ
E:\WORKSPACE\VHOME\CODE\VHOMESLN\VHOMEPRO\RELEASE\JSON_WRITER.OBJ
E:\WORKSPACE\VHOME\CODE\VHOMESLN\VHOMEPRO\RELEASE\JSON_VALUE.OBJ
E:\WORKSPACE\VHOME\CODE\VHOMESLN\VHOMEPRO\RELEASE\JSON_READER.OBJ
E:\WORKSPACE\VHOME\CODE\VHOMESLN\VHOMEPRO\RELEASE\CARELISTUI.OBJ
E:\WORKSPACE\VHOME\CODE\VHOMESLN\VHOMEPRO\RELEASE\BANNER.OBJ
E:\WORKSPACE\VHOME\CODE\VHOMESLN\VHOMEPRO\RELEASE\AUTH.OBJ
E:\WORKSPACE\VHOME\CODE\VHOMESLN\VHOMEPRO\RELEASE\ARTLISTUI.OBJ
E:\WORKSPACE\VHOME\CODE\VHOMESLN\VHOMEPRO\RELEASE\ARTICLE.OBJ
E:\WORKSPACE\VHOME\CODE\VHOMESLN\VHOMEPRO\RELEASE\ARTDETAILSWND.OBJ
E:\WORKSPACE\VHOME\CODE\VHOMESLN\VHOMEPRO\RELEASE\APPMAIN.OBJ
E:\WORKSPACE\VHOME\CODE\VHOMESLN\VHOMEPRO\RELEASE\APPCONFIG.OBJ
E:\WORKSPACE\VHOME\CODE\VHOMESLN\VHOMEPRO\RELEASE\ANAYLISTUI.OBJ
E:\WORKSPACE\VHOME\CODE\VHOMESLN\VHOMEPRO\RELEASE\ACTIVITYLOGIC.OBJ
E:\WORKSPACE\VHOME\CODE\VHOMESLN\VHOMEPRO\RELEASE\ACTIVITYLISTUI.OBJ
E:\WORKSPACE\VHOME\CODE\VHOMESLN\VHOMEPRO\RELEASE\ACTIVITYINFOWND.OBJ
E:\WORKSPACE\VHOME\CODE\VHOMESLN\VHOMEPRO\RELEASE\ACTIVITYDAO.OBJ
E:\WORKSPACE\VHOME\CODE\VHOMESLN\VHOMEPRO\RELEASE\ACTIVITY.OBJ
E:\WORKSPACE\VHOME\CODE\VHOMESLN\VHOMEPRO\RELEASE\ACTIVEWND.OBJ
E:\WORKSPACE\VHOME\CODE\VHOMESLN\VHOMEPRO\RELEASE\ABOUTWND.OBJ
E:\WORKSPACE\VHOME\CODE\VHOMESLN\VHOMEPRO\RELEASE\FORGETPWD.OBJ
E:\WORKSPACE\VHOME\CODE\VHOMESLN\VHOMEPRO\RELEASE\EXTEACHERLISTUI.OBJ
E:\WORKSPACE\VHOME\CODE\VHOMESLN\VHOMEPRO\RELEASE\EXCHANGELOGIC.OBJ
E:\WORKSPACE\VHOME\CODE\VHOMESLN\VHOMEPRO\RELEASE\EXCHANGEDAO.OBJ
E:\WORKSPACE\VHOME\CODE\VHOMESLN\VHOMEPRO\RELEASE\EXCHANGE.OBJ
E:\WORKSPACE\VHOME\CODE\VHOMESLN\VHOMEPRO\RELEASE\STRINGFUNS.OBJ
E:\WORKSPACE\VHOME\CODE\VHOMESLN\VHOMEPRO\RELEASE\MD5.OBJ
E:\WORKSPACE\VHOME\CODE\VHOMESLN\VHOMEPRO\RELEASE\LOG.OBJ
E:\WORKSPACE\VHOME\CODE\VHOMESLN\VHOMEPRO\RELEASE\CROSSPLATFORM.OBJ
E:\WORKSPACE\VHOME\CODE\VHOMESLN\VHOMEPRO\RELEASE\COMMFUNS.OBJ
E:\WORKSPACE\VHOME\CODE\VHOMESLN\VHOMEPRO\RELEASE\BASE_STRING.OBJ
E:\WORKSPACE\VHOME\CODE\VHOMESLN\VHOMEPRO\RELEASE\BASE_FILE.OBJ
E:\WORKSPACE\VHOME\CODE\VHOMESLN\VHOMEPRO\RELEASE\BASE64.OBJ
E:\WORKSPACE\VHOME\CODE\VHOMESLN\VHOMEPRO\RELEASE\TINYXMLPARSER.OBJ
E:\WORKSPACE\VHOME\CODE\VHOMESLN\VHOMEPRO\RELEASE\TINYXMLERROR.OBJ
E:\WORKSPACE\VHOME\CODE\VHOMESLN\VHOMEPRO\RELEASE\TINYXML.OBJ
E:\WORKSPACE\VHOME\CODE\VHOMESLN\VHOMEPRO\RELEASE\TINYSTR.OBJ
E:\WORKSPACE\VHOME\CODE\VHOMESLN\VHOMEPRO\RELEASE\SOCK.OBJ
E:\WORKSPACE\VHOME\CODE\VHOMESLN\VHOMEPRO\RELEASE\NETADDR.OBJ
E:\WORKSPACE\VHOME\CODE\VHOMESLN\VHOMEPRO\RELEASE\HTTPMSG.OBJ
E:\WORKSPACE\VHOME\CODE\VHOMESLN\VHOMEPRO\RELEASE\USERMANAGERLOGIC.OBJ
E:\WORKSPACE\VHOME\CODE\VHOMESLN\VHOMEPRO\RELEASE\USERDAO.OBJ
E:\WORKSPACE\VHOME\CODE\VHOMESLN\VHOMEPRO\RELEASE\USER.OBJ
E:\WORKSPACE\VHOME\CODE\VHOMESLN\VHOMEPRO\RELEASE\TEST.OBJ
E:\WORKSPACE\VHOME\CODE\VHOMESLN\VHOMEPRO\RELEASE\TEACHERLOGIC.OBJ
E:\WORKSPACE\VHOME\CODE\VHOMESLN\VHOMEPRO\RELEASE\TEACHERDAO.OBJ
E:\WORKSPACE\VHOME\CODE\VHOMESLN\VHOMEPRO\RELEASE\TEACHER.OBJ
E:\WORKSPACE\VHOME\CODE\VHOMESLN\VHOMEPRO\RELEASE\STUDENT.OBJ
E:\WORKSPACE\VHOME\CODE\VHOMESLN\VHOMEPRO\RELEASE\STRINGUTIL.OBJ
E:\WORKSPACE\VHOME\CODE\VHOMESLN\VHOMEPRO\RELEASE\SHOWINFOWND.OBJ
E:\WORKSPACE\VHOME\CODE\VHOMESLN\VHOMEPRO\RELEASE\SETTINGWND.OBJ
E:\WORKSPACE\VHOME\CODE\VHOMESLN\VHOMEPRO\RELEASE\SEARCHWND.OBJ
E:\WORKSPACE\VHOME\CODE\VHOMESLN\VHOMEPRO\RELEASE\RESMSG.OBJ
E:\WORKSPACE\VHOME\CODE\VHOMESLN\VHOMEPRO\RELEASE\REGISTERWND.OBJ
E:\WORKSPACE\VHOME\CODE\VHOMESLN\VHOMEPRO\RELEASE\REGISTERINFO.OBJ
E:\WORKSPACE\VHOME\CODE\VHOMESLN\VHOMEPRO\RELEASE\LOGINWND.OBJ
E:\WORKSPACE\VHOME\CODE\VHOMESLN\VHOMEPRO\RELEASE\HOMEWND.OBJ
E:\WORKSPACE\VHOME\CODE\VHOMESLN\VHOMEPRO\RELEASE\VC110.PDB
E:\WORKSPACE\VHOME\CODE\VHOMESLN\RELEASE\VHOMEPRO.EXE
E:\WORKSPACE\VHOME\CODE\VHOMESLN\RELEASE\VHOMEPRO.PDB
E:\WORKSPACE\VHOME\CODE\VHOMESLN\VHOMEPRO\RELEASE\VHOMEPRO.RES
E:\workspace\vHome\code\vHomeSln\vHomePro\Release\AboutWnd.obj
E:\workspace\vHome\code\vHomeSln\vHomePro\Release\ActiveWnd.obj
E:\workspace\vHome\code\vHomeSln\vHomePro\Release\Activity.obj
E:\workspace\vHome\code\vHomeSln\vHomePro\Release\ActivityDao.obj
E:\workspace\vHome\code\vHomeSln\vHomePro\Release\ActivityInfoWnd.obj
E:\workspace\vHome\code\vHomeSln\vHomePro\Release\ActivityListUI.obj
E:\workspace\vHome\code\vHomeSln\vHomePro\Release\ActivityLogic.obj
E:\workspace\vHome\code\vHomeSln\vHomePro\Release\AnayListUI.obj
E:\workspace\vHome\code\vHomeSln\vHomePro\Release\AppConfig.obj
E:\workspace\vHome\code\vHomeSln\vHomePro\Release\AppMain.obj
E:\workspace\vHome\code\vHomeSln\vHomePro\Release\ArtDetailsWnd.obj
E:\workspace\vHome\code\vHomeSln\vHomePro\Release\Article.obj
E:\workspace\vHome\code\vHomeSln\vHomePro\Release\ArtListUI.obj
E:\workspace\vHome\code\vHomeSln\vHomePro\Release\Auth.obj
E:\workspace\vHome\code\vHomeSln\vHomePro\Release\Banner.obj
E:\workspace\vHome\code\vHomeSln\vHomePro\Release\Base64.obj
E:\workspace\vHome\code\vHomeSln\vHomePro\Release\base_file.obj
E:\workspace\vHome\code\vHomeSln\vHomePro\Release\base_string.obj
E:\workspace\vHome\code\vHomeSln\vHomePro\Release\CareListUI.obj
E:\workspace\vHome\code\vHomeSln\vHomePro\Release\CommFuns.obj
E:\workspace\vHome\code\vHomeSln\vHomePro\Release\CrossPlatform.obj
E:\workspace\vHome\code\vHomeSln\vHomePro\Release\Exchange.obj
E:\workspace\vHome\code\vHomeSln\vHomePro\Release\ExchangeDao.obj
E:\workspace\vHome\code\vHomeSln\vHomePro\Release\ExchangeLogic.obj
E:\workspace\vHome\code\vHomeSln\vHomePro\Release\ExTeacherListUI.obj
E:\workspace\vHome\code\vHomeSln\vHomePro\Release\ForgetPwd.obj
E:\workspace\vHome\code\vHomeSln\vHomePro\Release\HomeWnd.obj
E:\workspace\vHome\code\vHomeSln\vHomePro\Release\HttpClient.obj
E:\workspace\vHome\code\vHomeSln\vHomePro\Release\HttpMsg.obj
E:\workspace\vHome\code\vHomeSln\vHomePro\Release\json_reader.obj
E:\workspace\vHome\code\vHomeSln\vHomePro\Release\json_value.obj
E:\workspace\vHome\code\vHomeSln\vHomePro\Release\json_writer.obj
E:\workspace\vHome\code\vHomeSln\vHomePro\Release\Log.obj
E:\workspace\vHome\code\vHomeSln\vHomePro\Release\LoginWnd.obj
E:\workspace\vHome\code\vHomeSln\vHomePro\Release\Md5.obj
E:\workspace\vHome\code\vHomeSln\vHomePro\Release\NetAddr.obj
E:\workspace\vHome\code\vHomeSln\vHomePro\Release\RegisterInfo.obj
E:\workspace\vHome\code\vHomeSln\vHomePro\Release\RegisterWnd.obj
E:\workspace\vHome\code\vHomeSln\vHomePro\Release\ResMsg.obj
E:\workspace\vHome\code\vHomeSln\vHomePro\Release\SearchWnd.obj
E:\workspace\vHome\code\vHomeSln\vHomePro\Release\SettingWnd.obj
E:\workspace\vHome\code\vHomeSln\vHomePro\Release\ShowInfoWnd.obj
E:\workspace\vHome\code\vHomeSln\vHomePro\Release\Sock.obj
E:\workspace\vHome\code\vHomeSln\vHomePro\Release\StringFuns.obj
E:\workspace\vHome\code\vHomeSln\vHomePro\Release\StringUtil.obj
E:\workspace\vHome\code\vHomeSln\vHomePro\Release\Student.obj
E:\workspace\vHome\code\vHomeSln\vHomePro\Release\Teacher.obj
E:\workspace\vHome\code\vHomeSln\vHomePro\Release\TeacherDao.obj
E:\workspace\vHome\code\vHomeSln\vHomePro\Release\TeacherLogic.obj
E:\workspace\vHome\code\vHomeSln\vHomePro\Release\test.obj
E:\workspace\vHome\code\vHomeSln\vHomePro\Release\tinystr.obj
E:\workspace\vHome\code\vHomeSln\vHomePro\Release\tinyxml.obj
E:\workspace\vHome\code\vHomeSln\vHomePro\Release\tinyxmlerror.obj
E:\workspace\vHome\code\vHomeSln\vHomePro\Release\tinyxmlparser.obj
E:\workspace\vHome\code\vHomeSln\vHomePro\Release\User.obj
E:\workspace\vHome\code\vHomeSln\vHomePro\Release\UserDao.obj
E:\workspace\vHome\code\vHomeSln\vHomePro\Release\UserManagerLogic.obj
E:\workspace\vHome\code\vHomeSln\vHomePro\Release\cl.command.1.tlog
E:\workspace\vHome\code\vHomeSln\vHomePro\Release\CL.read.1.tlog
E:\workspace\vHome\code\vHomeSln\vHomePro\Release\CL.write.1.tlog
E:\workspace\vHome\code\vHomeSln\vHomePro\Release\link-cvtres.read.1.tlog
E:\workspace\vHome\code\vHomeSln\vHomePro\Release\link-cvtres.write.1.tlog
E:\workspace\vHome\code\vHomeSln\vHomePro\Release\link-rc.read.1.tlog
E:\workspace\vHome\code\vHomeSln\vHomePro\Release\link-rc.write.1.tlog
E:\workspace\vHome\code\vHomeSln\vHomePro\Release\link.command.1.tlog
E:\workspace\vHome\code\vHomeSln\vHomePro\Release\link.read.1.tlog
E:\workspace\vHome\code\vHomeSln\vHomePro\Release\link.write.1.tlog
E:\workspace\vHome\code\vHomeSln\vHomePro\Release\rc.command.1.tlog
E:\workspace\vHome\code\vHomeSln\vHomePro\Release\rc.read.1.tlog
E:\workspace\vHome\code\vHomeSln\vHomePro\Release\rc.write.1.tlog
E:\workspace\vHome\code\vHomeSln\vHomePro\Release\vHomePro.res
E:\workspace\vHome\code\vHomeSln\vHomePro\Release\vc110.pdb
E:\workspace\vHome\code\vHomeSln\Release\vHomePro.pdb
E:\workspace\vHome\code\vHomeSln\Release\vHomePro.exe
