E:\WORKSPACE\VHOME\CODE\VHOMESLN\VHOMEPRO\DEBUG\EXCHANGELOGIC.OBJ
E:\WORKSPACE\VHOME\CODE\VHOMESLN\VHOMEPRO\DEBUG\EXTEACHERLISTUI.OBJ
E:\WORKSPACE\VHOME\CODE\VHOMESLN\VHOMEPRO\DEBUG\FORGETPWD.OBJ
E:\WORKSPACE\VHOME\CODE\VHOMESLN\VHOMEPRO\DEBUG\HOMEWND.OBJ
E:\WORKSPACE\VHOME\CODE\VHOMESLN\VHOMEPRO\DEBUG\LOGINWND.OBJ
E:\WORKSPACE\VHOME\CODE\VHOMESLN\VHOMEPRO\DEBUG\REGISTERINFO.OBJ
E:\WORKSPACE\VHOME\CODE\VHOMESLN\VHOMEPRO\DEBUG\REGISTERWND.OBJ
E:\WORKSPACE\VHOME\CODE\VHOMESLN\VHOMEPRO\DEBUG\RESMSG.OBJ
E:\WORKSPACE\VHOME\CODE\VHOMESLN\VHOMEPRO\DEBUG\SEARCHWND.OBJ
E:\WORKSPACE\VHOME\CODE\VHOMESLN\VHOMEPRO\DEBUG\SETTINGWND.OBJ
E:\WORKSPACE\VHOME\CODE\VHOMESLN\VHOMEPRO\DEBUG\SHOWINFOWND.OBJ
E:\WORKSPACE\VHOME\CODE\VHOMESLN\VHOMEPRO\DEBUG\STRINGUTIL.OBJ
E:\WORKSPACE\VHOME\CODE\VHOMESLN\VHOMEPRO\DEBUG\STUDENT.OBJ
E:\WORKSPACE\VHOME\CODE\VHOMESLN\VHOMEPRO\DEBUG\TEACHER.OBJ
E:\WORKSPACE\VHOME\CODE\VHOMESLN\VHOMEPRO\DEBUG\TEACHERDAO.OBJ
E:\WORKSPACE\VHOME\CODE\VHOMESLN\VHOMEPRO\DEBUG\TEACHERLOGIC.OBJ
E:\WORKSPACE\VHOME\CODE\VHOMESLN\VHOMEPRO\DEBUG\TEST.OBJ
E:\WORKSPACE\VHOME\CODE\VHOMESLN\VHOMEPRO\DEBUG\USER.OBJ
E:\WORKSPACE\VHOME\CODE\VHOMESLN\VHOMEPRO\DEBUG\USERDAO.OBJ
E:\WORKSPACE\VHOME\CODE\VHOMESLN\VHOMEPRO\DEBUG\USERMANAGERLOGIC.OBJ
E:\WORKSPACE\VHOME\CODE\VHOMESLN\VHOMEPRO\DEBUG\JSON_VALUE.OBJ
E:\WORKSPACE\VHOME\CODE\VHOMESLN\VHOMEPRO\DEBUG\JSON_WRITER.OBJ
E:\WORKSPACE\VHOME\CODE\VHOMESLN\VHOMEPRO\DEBUG\HTTPCLIENT.OBJ
E:\WORKSPACE\VHOME\CODE\VHOMESLN\VHOMEPRO\DEBUG\HTTPMSG.OBJ
E:\WORKSPACE\VHOME\CODE\VHOMESLN\VHOMEPRO\DEBUG\NETADDR.OBJ
E:\WORKSPACE\VHOME\CODE\VHOMESLN\VHOMEPRO\DEBUG\SOCK.OBJ
E:\WORKSPACE\VHOME\CODE\VHOMESLN\VHOMEPRO\DEBUG\TINYSTR.OBJ
E:\WORKSPACE\VHOME\CODE\VHOMESLN\VHOMEPRO\DEBUG\TINYXML.OBJ
E:\WORKSPACE\VHOME\CODE\VHOMESLN\VHOMEPRO\DEBUG\TINYXMLERROR.OBJ
E:\WORKSPACE\VHOME\CODE\VHOMESLN\VHOMEPRO\DEBUG\TINYXMLPARSER.OBJ
E:\WORKSPACE\VHOME\CODE\VHOMESLN\VHOMEPRO\DEBUG\BASE64.OBJ
E:\WORKSPACE\VHOME\CODE\VHOMESLN\VHOMEPRO\DEBUG\BASE_FILE.OBJ
E:\WORKSPACE\VHOME\CODE\VHOMESLN\VHOMEPRO\DEBUG\BASE_STRING.OBJ
E:\WORKSPACE\VHOME\CODE\VHOMESLN\VHOMEPRO\DEBUG\COMMFUNS.OBJ
E:\WORKSPACE\VHOME\CODE\VHOMESLN\VHOMEPRO\DEBUG\CROSSPLATFORM.OBJ
E:\WORKSPACE\VHOME\CODE\VHOMESLN\VHOMEPRO\DEBUG\LOG.OBJ
E:\WORKSPACE\VHOME\CODE\VHOMESLN\VHOMEPRO\DEBUG\MD5.OBJ
E:\WORKSPACE\VHOME\CODE\VHOMESLN\VHOMEPRO\DEBUG\STRINGFUNS.OBJ
E:\WORKSPACE\VHOME\CODE\VHOMESLN\VHOMEPRO\DEBUG\EXCHANGE.OBJ
E:\WORKSPACE\VHOME\CODE\VHOMESLN\VHOMEPRO\DEBUG\EXCHANGEDAO.OBJ
E:\WORKSPACE\VHOME\CODE\VHOMESLN\VHOMEPRO\DEBUG\ABOUTWND.OBJ
E:\WORKSPACE\VHOME\CODE\VHOMESLN\VHOMEPRO\DEBUG\ACTIVEWND.OBJ
E:\WORKSPACE\VHOME\CODE\VHOMESLN\VHOMEPRO\DEBUG\ACTIVITY.OBJ
E:\WORKSPACE\VHOME\CODE\VHOMESLN\VHOMEPRO\DEBUG\ACTIVITYDAO.OBJ
E:\WORKSPACE\VHOME\CODE\VHOMESLN\VHOMEPRO\DEBUG\ACTIVITYINFOWND.OBJ
E:\WORKSPACE\VHOME\CODE\VHOMESLN\VHOMEPRO\DEBUG\ACTIVITYLISTUI.OBJ
E:\WORKSPACE\VHOME\CODE\VHOMESLN\VHOMEPRO\DEBUG\ACTIVITYLOGIC.OBJ
E:\WORKSPACE\VHOME\CODE\VHOMESLN\VHOMEPRO\DEBUG\ANAYLISTUI.OBJ
E:\WORKSPACE\VHOME\CODE\VHOMESLN\VHOMEPRO\DEBUG\APPCONFIG.OBJ
E:\WORKSPACE\VHOME\CODE\VHOMESLN\VHOMEPRO\DEBUG\APPMAIN.OBJ
E:\WORKSPACE\VHOME\CODE\VHOMESLN\VHOMEPRO\DEBUG\ARTDETAILSWND.OBJ
E:\WORKSPACE\VHOME\CODE\VHOMESLN\VHOMEPRO\DEBUG\ARTICLE.OBJ
E:\WORKSPACE\VHOME\CODE\VHOMESLN\VHOMEPRO\DEBUG\ARTLISTUI.OBJ
E:\WORKSPACE\VHOME\CODE\VHOMESLN\VHOMEPRO\DEBUG\AUTH.OBJ
E:\WORKSPACE\VHOME\CODE\VHOMESLN\VHOMEPRO\DEBUG\BANNER.OBJ
E:\WORKSPACE\VHOME\CODE\VHOMESLN\VHOMEPRO\DEBUG\CARELISTUI.OBJ
E:\WORKSPACE\VHOME\CODE\VHOMESLN\VHOMEPRO\DEBUG\JSON_READER.OBJ
E:\WORKSPACE\VHOME\CODE\VHOMESLN\VHOMEPRO\DEBUG\VC110.PDB
E:\WORKSPACE\VHOME\CODE\VHOMESLN\VHOMEPRO\DEBUG\VHOMEPRO.ILK
E:\WORKSPACE\VHOME\CODE\VHOMESLN\VHOMEPRO\DEBUG\VHOMEPRO.EXE
E:\WORKSPACE\VHOME\CODE\VHOMESLN\VHOMEPRO\DEBUG\VHOMEPRO.PDB
E:\WORKSPACE\VHOME\CODE\VHOMESLN\VHOMEPRO\DEBUG\VHOMEPRO.RES
E:\workspace\vHome\code\vHomeSln\vHomePro\Debug\AboutWnd.obj
E:\workspace\vHome\code\vHomeSln\vHomePro\Debug\ActiveWnd.obj
E:\workspace\vHome\code\vHomeSln\vHomePro\Debug\Activity.obj
E:\workspace\vHome\code\vHomeSln\vHomePro\Debug\ActivityDao.obj
E:\workspace\vHome\code\vHomeSln\vHomePro\Debug\ActivityInfoWnd.obj
E:\workspace\vHome\code\vHomeSln\vHomePro\Debug\ActivityListUI.obj
E:\workspace\vHome\code\vHomeSln\vHomePro\Debug\ActivityLogic.obj
E:\workspace\vHome\code\vHomeSln\vHomePro\Debug\AnayListUI.obj
E:\workspace\vHome\code\vHomeSln\vHomePro\Debug\AppConfig.obj
E:\workspace\vHome\code\vHomeSln\vHomePro\Debug\AppMain.obj
E:\workspace\vHome\code\vHomeSln\vHomePro\Debug\ArtDetailsWnd.obj
E:\workspace\vHome\code\vHomeSln\vHomePro\Debug\Article.obj
E:\workspace\vHome\code\vHomeSln\vHomePro\Debug\ArtListUI.obj
E:\workspace\vHome\code\vHomeSln\vHomePro\Debug\Auth.obj
E:\workspace\vHome\code\vHomeSln\vHomePro\Debug\Banner.obj
E:\workspace\vHome\code\vHomeSln\vHomePro\Debug\Base64.obj
E:\workspace\vHome\code\vHomeSln\vHomePro\Debug\base_file.obj
E:\workspace\vHome\code\vHomeSln\vHomePro\Debug\base_string.obj
E:\workspace\vHome\code\vHomeSln\vHomePro\Debug\CareListUI.obj
E:\workspace\vHome\code\vHomeSln\vHomePro\Debug\CommFuns.obj
E:\workspace\vHome\code\vHomeSln\vHomePro\Debug\CrossPlatform.obj
E:\workspace\vHome\code\vHomeSln\vHomePro\Debug\Exchange.obj
E:\workspace\vHome\code\vHomeSln\vHomePro\Debug\ExchangeDao.obj
E:\workspace\vHome\code\vHomeSln\vHomePro\Debug\ExchangeLogic.obj
E:\workspace\vHome\code\vHomeSln\vHomePro\Debug\ExTeacherListUI.obj
E:\workspace\vHome\code\vHomeSln\vHomePro\Debug\ForgetPwd.obj
E:\workspace\vHome\code\vHomeSln\vHomePro\Debug\HomeWnd.obj
E:\workspace\vHome\code\vHomeSln\vHomePro\Debug\HttpClient.obj
E:\workspace\vHome\code\vHomeSln\vHomePro\Debug\HttpMsg.obj
E:\workspace\vHome\code\vHomeSln\vHomePro\Debug\json_reader.obj
E:\workspace\vHome\code\vHomeSln\vHomePro\Debug\json_value.obj
E:\workspace\vHome\code\vHomeSln\vHomePro\Debug\json_writer.obj
E:\workspace\vHome\code\vHomeSln\vHomePro\Debug\Log.obj
E:\workspace\vHome\code\vHomeSln\vHomePro\Debug\LoginWnd.obj
E:\workspace\vHome\code\vHomeSln\vHomePro\Debug\Md5.obj
E:\workspace\vHome\code\vHomeSln\vHomePro\Debug\NetAddr.obj
E:\workspace\vHome\code\vHomeSln\vHomePro\Debug\RegisterInfo.obj
E:\workspace\vHome\code\vHomeSln\vHomePro\Debug\RegisterWnd.obj
E:\workspace\vHome\code\vHomeSln\vHomePro\Debug\ResMsg.obj
E:\workspace\vHome\code\vHomeSln\vHomePro\Debug\SearchWnd.obj
E:\workspace\vHome\code\vHomeSln\vHomePro\Debug\SettingWnd.obj
E:\workspace\vHome\code\vHomeSln\vHomePro\Debug\ShowInfoWnd.obj
E:\workspace\vHome\code\vHomeSln\vHomePro\Debug\Sock.obj
E:\workspace\vHome\code\vHomeSln\vHomePro\Debug\StringFuns.obj
E:\workspace\vHome\code\vHomeSln\vHomePro\Debug\StringUtil.obj
E:\workspace\vHome\code\vHomeSln\vHomePro\Debug\Student.obj
E:\workspace\vHome\code\vHomeSln\vHomePro\Debug\Teacher.obj
E:\workspace\vHome\code\vHomeSln\vHomePro\Debug\TeacherDao.obj
E:\workspace\vHome\code\vHomeSln\vHomePro\Debug\TeacherLogic.obj
E:\workspace\vHome\code\vHomeSln\vHomePro\Debug\test.obj
E:\workspace\vHome\code\vHomeSln\vHomePro\Debug\tinystr.obj
E:\workspace\vHome\code\vHomeSln\vHomePro\Debug\tinyxml.obj
E:\workspace\vHome\code\vHomeSln\vHomePro\Debug\tinyxmlerror.obj
E:\workspace\vHome\code\vHomeSln\vHomePro\Debug\tinyxmlparser.obj
E:\workspace\vHome\code\vHomeSln\vHomePro\Debug\User.obj
E:\workspace\vHome\code\vHomeSln\vHomePro\Debug\UserDao.obj
E:\workspace\vHome\code\vHomeSln\vHomePro\Debug\UserManagerLogic.obj
E:\workspace\vHome\code\vHomeSln\vHomePro\Debug\vHomePro.ilk
E:\workspace\vHome\code\vHomeSln\vHomePro\Debug\cl.command.1.tlog
E:\workspace\vHome\code\vHomeSln\vHomePro\Debug\CL.read.1.tlog
E:\workspace\vHome\code\vHomeSln\vHomePro\Debug\CL.write.1.tlog
E:\workspace\vHome\code\vHomeSln\vHomePro\Debug\link-cvtres.read.1.tlog
E:\workspace\vHome\code\vHomeSln\vHomePro\Debug\link-cvtres.write.1.tlog
E:\workspace\vHome\code\vHomeSln\vHomePro\Debug\link-rc.read.1.tlog
E:\workspace\vHome\code\vHomeSln\vHomePro\Debug\link-rc.write.1.tlog
E:\workspace\vHome\code\vHomeSln\vHomePro\Debug\link.4064-cvtres.read.1.tlog
E:\workspace\vHome\code\vHomeSln\vHomePro\Debug\link.4064-cvtres.write.1.tlog
E:\workspace\vHome\code\vHomeSln\vHomePro\Debug\link.4064-rc.read.1.tlog
E:\workspace\vHome\code\vHomeSln\vHomePro\Debug\link.4064-rc.write.1.tlog
E:\workspace\vHome\code\vHomeSln\vHomePro\Debug\link.4064.read.1.tlog
E:\workspace\vHome\code\vHomeSln\vHomePro\Debug\link.4064.write.1.tlog
E:\workspace\vHome\code\vHomeSln\vHomePro\Debug\link.6488-cvtres.read.1.tlog
E:\workspace\vHome\code\vHomeSln\vHomePro\Debug\link.6488-cvtres.write.1.tlog
E:\workspace\vHome\code\vHomeSln\vHomePro\Debug\link.6488-rc.read.1.tlog
E:\workspace\vHome\code\vHomeSln\vHomePro\Debug\link.6488-rc.write.1.tlog
E:\workspace\vHome\code\vHomeSln\vHomePro\Debug\link.6488.read.1.tlog
E:\workspace\vHome\code\vHomeSln\vHomePro\Debug\link.6488.write.1.tlog
E:\workspace\vHome\code\vHomeSln\vHomePro\Debug\link.8728-cvtres.read.1.tlog
E:\workspace\vHome\code\vHomeSln\vHomePro\Debug\link.8728-cvtres.write.1.tlog
E:\workspace\vHome\code\vHomeSln\vHomePro\Debug\link.8728-rc.read.1.tlog
E:\workspace\vHome\code\vHomeSln\vHomePro\Debug\link.8728-rc.write.1.tlog
E:\workspace\vHome\code\vHomeSln\vHomePro\Debug\link.8728.read.1.tlog
E:\workspace\vHome\code\vHomeSln\vHomePro\Debug\link.8728.write.1.tlog
E:\workspace\vHome\code\vHomeSln\vHomePro\Debug\link.9008-cvtres.read.1.tlog
E:\workspace\vHome\code\vHomeSln\vHomePro\Debug\link.9008-cvtres.write.1.tlog
E:\workspace\vHome\code\vHomeSln\vHomePro\Debug\link.9008-rc.read.1.tlog
E:\workspace\vHome\code\vHomeSln\vHomePro\Debug\link.9008-rc.write.1.tlog
E:\workspace\vHome\code\vHomeSln\vHomePro\Debug\link.9008.read.1.tlog
E:\workspace\vHome\code\vHomeSln\vHomePro\Debug\link.9008.write.1.tlog
E:\workspace\vHome\code\vHomeSln\vHomePro\Debug\link.command.1.tlog
E:\workspace\vHome\code\vHomeSln\vHomePro\Debug\link.read.1.tlog
E:\workspace\vHome\code\vHomeSln\vHomePro\Debug\link.write.1.tlog
E:\workspace\vHome\code\vHomeSln\vHomePro\Debug\rc.command.1.tlog
E:\workspace\vHome\code\vHomeSln\vHomePro\Debug\rc.read.1.tlog
E:\workspace\vHome\code\vHomeSln\vHomePro\Debug\rc.write.1.tlog
E:\workspace\vHome\code\vHomeSln\vHomePro\Debug\vHomePro.res
E:\workspace\vHome\code\vHomeSln\vHomePro\Debug\vc110.idb
E:\workspace\vHome\code\vHomeSln\vHomePro\Debug\vc110.pdb
E:\workspace\vHome\code\vHomeSln\vHomePro\Debug\vHomePro.pdb
E:\workspace\vHome\code\vHomeSln\vHomePro\Debug\vHomePro.exe
