生成启动时间为 2016/6/29 15:00:47。
     1>项目“E:\workspace\V家金服\code\vHomeSln\vHomePro\vHomePro.vcxproj”在节点 2 上(Build 个目标)。
     1>ClCompile:
         C:\Program Files (x86)\Microsoft Visual Studio 11.0\VC\bin\CL.exe /c /ZI /nologo /W3 /WX- /Od /Oy- /D WIN32 /D _DEBUG /D _WINDOWS /D _UNICODE /D UNICODE /Gm /EHsc /RTC1 /MDd /GS /fp:precise /Zc:wchar_t /Zc:forScope /Fo"Debug\\" /Fd"Debug\vc110.pdb" /Gd /TP /analyze- /errorReport:prompt AboutWnd.cpp
         AboutWnd.cpp
       Link:
         C:\Program Files (x86)\Microsoft Visual Studio 11.0\VC\bin\link.exe /ERRORREPORT:PROMPT /OUT:"Debug\vHomePro.exe" /INCREMENTAL /NOLOGO kernel32.lib user32.lib gdi32.lib winspool.lib comdlg32.lib advapi32.lib shell32.lib ole32.lib oleaut32.lib uuid.lib odbc32.lib odbccp32.lib /MANIFEST /MANIFESTUAC:"level='asInvoker' uiAccess='false'" /manifest:embed /DEBUG /PDB:"Debug\vHomePro.pdb" /SUBSYSTEM:WINDOWS /TLBID:1 /DYNAMICBASE /NXCOMPAT /IMPLIB:"Debug\vHomePro.lib" /MACHINE:X86 Debug\vHomePro.res
         Debug\AboutWnd.obj
         Debug\AnayListUI.obj
         Debug\AppConfig.obj
         Debug\AppMain.obj
         Debug\Article.obj
         Debug\Auth.obj
         Debug\Banner.obj
         Debug\CareListUI.obj
         Debug\json_reader.obj
         Debug\json_value.obj
         Debug\json_writer.obj
         Debug\json_reader.obj
         Debug\json_value.obj
         Debug\json_writer.obj
         Debug\HttpClient.obj
         Debug\HttpMsg.obj
         Debug\NetAddr.obj
         Debug\Sock.obj
         Debug\tinystr.obj
         Debug\tinyxml.obj
         Debug\tinyxmlerror.obj
         Debug\tinyxmlparser.obj
         Debug\Base64.obj
         Debug\CommFuns.obj
         Debug\CrossPlatform.obj
         Debug\Log.obj
         Debug\Md5.obj
         Debug\StringFuns.obj
         Debug\Exchange.obj
         Debug\ExchangeDao.obj
         Debug\ExchangeLogic.obj
         Debug\ExTeacherListUI.obj
         Debug\HomeWnd.obj
         Debug\LoginWnd.obj
         Debug\RegisterInfo.obj
         Debug\RegisterWnd.obj
         Debug\ResMsg.obj
         Debug\SearchWnd.obj
         Debug\ShowInfoWnd.obj
         Debug\StringUtil.obj
         Debug\Student.obj
         Debug\Teacher.obj
         Debug\TeacherDao.obj
         Debug\TeacherLogic.obj
         Debug\test.obj
         Debug\User.obj
         Debug\UserDao.obj
         Debug\UserManagerLogic.obj
     1>Debug\json_reader.obj : warning LNK4042: 对象被多次指定；已忽略多余的指定
     1>Debug\json_value.obj : warning LNK4042: 对象被多次指定；已忽略多余的指定
     1>Debug\json_writer.obj : warning LNK4042: 对象被多次指定；已忽略多余的指定
         vHomePro.vcxproj -> E:\workspace\V家金服\code\vHomeSln\vHomePro\Debug\vHomePro.exe
     1>已完成生成项目“E:\workspace\V家金服\code\vHomeSln\vHomePro\vHomePro.vcxproj”(Build 个目标)的操作。

生成成功。

已用时间 00:00:02.55
